build/outputs/logs/manifest-merger-debug-report.txt
-- Merging decision tree log ---
manifest
ADDED from Android/OneVPN/AndroidManifest.xml:18:1-228:12
	package
		ADDED from Android/OneVPN/AndroidManifest.xml:20:5-35
	android:versionName
		ADDED from Android/OneVPN/AndroidManifest.xml:20:36-63
		INJECTED from Android/OneVPN/AndroidManifest.xml
		INJECTED from Android/OneVPN/AndroidManifest.xml
	xmlns:tools
		ADDED from Android/OneVPN/AndroidManifest.xml:19:5-51
	android:versionCode
		ADDED from Android/OneVPN/AndroidManifest.xml:20:64-87
		INJECTED from Android/OneVPN/AndroidManifest.xml
		INJECTED from Android/OneVPN/AndroidManifest.xml
	xmlns:android
		ADDED from Android/OneVPN/AndroidManifest.xml:18:11-69
uses-permission#android.permission.ACCESS_WIFI_STATE
ADDED from Android/OneVPN/AndroidManifest.xml:40:5-76
	android:name
		ADDED from Android/OneVPN/AndroidManifest.xml:40:22-73
uses-permission#android.permission.INTERNET
ADDED from Android/OneVPN/AndroidManifest.xml:41:5-67
	android:name
		ADDED from Android/OneVPN/AndroidManifest.xml:41:22-64
uses-permission#android.permission.READ_PHONE_STATE
ADDED from Android/OneVPN/AndroidManifest.xml:42:5-74
	android:name
		ADDED from Android/OneVPN/AndroidManifest.xml:42:22-72
uses-permission#android.permission.ACCESS_NETWORK_STATE
ADDED from Android/OneVPN/AndroidManifest.xml:43:5-79
	android:name
		ADDED from Android/OneVPN/AndroidManifest.xml:43:22-76
uses-permission#android.permission.RECEIVE_BOOT_COMPLETED
ADDED from Android/OneVPN/AndroidManifest.xml:45:5-81
	android:name
		ADDED from Android/OneVPN/AndroidManifest.xml:45:22-78
uses-permission#android.permission.WRITE_SYNC_SETTINGS
ADDED from Android/OneVPN/AndroidManifest.xml:48:5-77
	android:name
		ADDED from Android/OneVPN/AndroidManifest.xml:48:22-75
uses-sdk
ADDED from Android/OneVPN/AndroidManifest.xml:52:5-54:41
	android:targetSdkVersion
		ADDED from Android/OneVPN/AndroidManifest.xml:54:9-38
		INJECTED from Android/OneVPN/AndroidManifest.xml
		INJECTED from Android/OneVPN/AndroidManifest.xml
	android:minSdkVersion
		ADDED from Android/OneVPN/AndroidManifest.xml:53:9-35
		INJECTED from Android/OneVPN/AndroidManifest.xml
		INJECTED from Android/OneVPN/AndroidManifest.xml
permission#com.newonevpn.vpn.REMOTE_API
ADDED from Android/OneVPN/AndroidManifest.xml:56:5-61:47
	android:label
		ADDED from Android/OneVPN/AndroidManifest.xml:59:9-40
	android:protectionLevel
		ADDED from Android/OneVPN/AndroidManifest.xml:61:9-44
	android:permissionGroup
		ADDED from Android/OneVPN/AndroidManifest.xml:60:9-67
	android:description
		ADDED from Android/OneVPN/AndroidManifest.xml:58:9-61
	android:name
		ADDED from Android/OneVPN/AndroidManifest.xml:57:9-52
application
ADDED from Android/OneVPN/AndroidManifest.xml:63:5-226:19
	android:label
		ADDED from Android/OneVPN/AndroidManifest.xml:67:9-31
	android:supportsRtl
		ADDED from Android/OneVPN/AndroidManifest.xml:68:9-35
	android:allowBackup
		ADDED from Android/OneVPN/AndroidManifest.xml:65:9-35
	android:icon
		ADDED from Android/OneVPN/AndroidManifest.xml:66:9-40
	android:theme
		ADDED from Android/OneVPN/AndroidManifest.xml:64:9-62
	android:logo
		ADDED from Android/OneVPN/AndroidManifest.xml:68:36-65
activity#com.newonevpn.vpn.VPNPreferences
ADDED from Android/OneVPN/AndroidManifest.xml:69:9-71:57
	android:windowSoftInputMode
		ADDED from Android/OneVPN/AndroidManifest.xml:71:13-54
	android:name
		ADDED from Android/OneVPN/AndroidManifest.xml:70:13-60
activity#com.newonevpn.vpn.LogWindow
ADDED from Android/OneVPN/AndroidManifest.xml:72:9-76:47
	android:label
		ADDED from Android/OneVPN/AndroidManifest.xml:75:13-48
	android:launchMode
		ADDED from Android/OneVPN/AndroidManifest.xml:76:13-44
	android:allowTaskReparenting
		ADDED from Android/OneVPN/AndroidManifest.xml:74:13-48
	android:name
		ADDED from Android/OneVPN/AndroidManifest.xml:73:13-55
activity#com.newonevpn.vpn.FileSelect
ADDED from Android/OneVPN/AndroidManifest.xml:77:9-65
	android:name
		ADDED from Android/OneVPN/AndroidManifest.xml:77:19-62
activity#com.dave.newonevpn.activities.SplashActivity
ADDED from Android/OneVPN/AndroidManifest.xml:78:9-88:20
	android:screenOrientation
		ADDED from Android/OneVPN/AndroidManifest.xml:81:13-49
	android:label
		ADDED from Android/OneVPN/AndroidManifest.xml:80:13-45
	android:theme
		ADDED from Android/OneVPN/AndroidManifest.xml:82:13-66
	android:name
		ADDED from Android/OneVPN/AndroidManifest.xml:79:13-72
intent-filter#android.intent.action.MAIN+android.intent.category.LAUNCHER
ADDED from Android/OneVPN/AndroidManifest.xml:83:13-87:29
action#android.intent.action.MAIN
ADDED from Android/OneVPN/AndroidManifest.xml:84:17-69
	android:name
		ADDED from Android/OneVPN/AndroidManifest.xml:84:25-66
category#android.intent.category.LAUNCHER
ADDED from Android/OneVPN/AndroidManifest.xml:86:17-77
	android:name
		ADDED from Android/OneVPN/AndroidManifest.xml:86:27-74
activity#com.dave.newonevpn.activities.SettingActivity
ADDED from Android/OneVPN/AndroidManifest.xml:95:10-98:70
	android:screenOrientation
		ADDED from Android/OneVPN/AndroidManifest.xml:97:14-50
	android:theme
		ADDED from Android/OneVPN/AndroidManifest.xml:98:14-67
	android:name
		ADDED from Android/OneVPN/AndroidManifest.xml:96:14-74
activity#com.dave.newonevpn.activities.ServerActivity
ADDED from Android/OneVPN/AndroidManifest.xml:103:10-106:70
	android:screenOrientation
		ADDED from Android/OneVPN/AndroidManifest.xml:105:14-50
	android:theme
		ADDED from Android/OneVPN/AndroidManifest.xml:106:14-67
	android:name
		ADDED from Android/OneVPN/AndroidManifest.xml:104:14-73
activity#com.dave.newonevpn.activities.ConnectStatusActivity
ADDED from Android/OneVPN/AndroidManifest.xml:107:10-110:70
	android:screenOrientation
		ADDED from Android/OneVPN/AndroidManifest.xml:109:14-50
	android:theme
		ADDED from Android/OneVPN/AndroidManifest.xml:110:14-67
	android:name
		ADDED from Android/OneVPN/AndroidManifest.xml:108:14-80
activity#com.dave.newonevpn.activities.AboutActivity
ADDED from Android/OneVPN/AndroidManifest.xml:111:10-114:70
	android:screenOrientation
		ADDED from Android/OneVPN/AndroidManifest.xml:113:14-50
	android:theme
		ADDED from Android/OneVPN/AndroidManifest.xml:114:14-67
	android:name
		ADDED from Android/OneVPN/AndroidManifest.xml:112:14-72
activity#com.dave.newonevpn.activities.WebViewActivity
ADDED from Android/OneVPN/AndroidManifest.xml:115:10-118:70
	android:screenOrientation
		ADDED from Android/OneVPN/AndroidManifest.xml:117:14-50
	android:theme
		ADDED from Android/OneVPN/AndroidManifest.xml:118:14-67
	android:name
		ADDED from Android/OneVPN/AndroidManifest.xml:116:14-74
activity#com.dave.newonevpn.activities.SignUpActivity
ADDED from Android/OneVPN/AndroidManifest.xml:119:10-122:70
	android:screenOrientation
		ADDED from Android/OneVPN/AndroidManifest.xml:121:14-50
	android:theme
		ADDED from Android/OneVPN/AndroidManifest.xml:122:14-67
	android:name
		ADDED from Android/OneVPN/AndroidManifest.xml:120:14-73
service#com.newonevpn.vpn.core.OpenVpnService
ADDED from Android/OneVPN/AndroidManifest.xml:124:10-130:20
	android:permission
		ADDED from Android/OneVPN/AndroidManifest.xml:126:14-70
	android:name
		ADDED from Android/OneVPN/AndroidManifest.xml:125:14-66
intent-filter#android.net.VpnService
ADDED from Android/OneVPN/AndroidManifest.xml:127:14-129:30
action#android.net.VpnService
ADDED from Android/OneVPN/AndroidManifest.xml:128:18-66
	android:name
		ADDED from Android/OneVPN/AndroidManifest.xml:128:26-63
activity#com.newonevpn.vpn.api.GrantPermissionsActivity
ADDED from Android/OneVPN/AndroidManifest.xml:139:10-144:21
	android:name
		ADDED from Android/OneVPN/AndroidManifest.xml:140:14-75
intent-filter#android.intent.action.MAIN
ADDED from Android/OneVPN/AndroidManifest.xml:141:14-143:30
receiver#com.newonevpn.vpn.OnBootReceiver
ADDED from Android/OneVPN/AndroidManifest.xml:152:10-156:21
	android:name
		ADDED from Android/OneVPN/AndroidManifest.xml:152:20-67
intent-filter#android.intent.action.BOOT_COMPLETED
ADDED from Android/OneVPN/AndroidManifest.xml:153:14-155:30
action#android.intent.action.BOOT_COMPLETED
ADDED from Android/OneVPN/AndroidManifest.xml:154:18-80
	android:name
		ADDED from Android/OneVPN/AndroidManifest.xml:154:26-77
activity#com.newonevpn.vpn.ConfigConverter
ADDED from Android/OneVPN/AndroidManifest.xml:158:10-197:20
	android:label
		ADDED from Android/OneVPN/AndroidManifest.xml:160:14-49
	tools:ignore
		ADDED from Android/OneVPN/AndroidManifest.xml:162:14-45
	android:uiOptions
		ADDED from Android/OneVPN/AndroidManifest.xml:161:14-58
	android:name
		ADDED from Android/OneVPN/AndroidManifest.xml:159:14-62
intent-filter#android.intent.action.VIEW+android.intent.category.BROWSABLE+android.intent.category.DEFAULT
ADDED from Android/OneVPN/AndroidManifest.xml:163:14-170:30
	android:label
		ADDED from Android/OneVPN/AndroidManifest.xml:163:29-66
action#android.intent.action.VIEW
ADDED from Android/OneVPN/AndroidManifest.xml:164:18-70
	android:name
		ADDED from Android/OneVPN/AndroidManifest.xml:164:26-67
category#android.intent.category.DEFAULT
ADDED from Android/OneVPN/AndroidManifest.xml:166:18-77
	android:name
		ADDED from Android/OneVPN/AndroidManifest.xml:166:28-74
category#android.intent.category.BROWSABLE
ADDED from Android/OneVPN/AndroidManifest.xml:167:18-79
	android:name
		ADDED from Android/OneVPN/AndroidManifest.xml:167:28-76
data
ADDED from Android/OneVPN/AndroidManifest.xml:169:18-75
	android:mimeType
		ADDED from Android/OneVPN/AndroidManifest.xml:169:24-72
activity#com.newonevpn.vpn.LaunchVPN
ADDED from Android/OneVPN/AndroidManifest.xml:198:9-207:20
	android:label
		ADDED from Android/OneVPN/AndroidManifest.xml:200:13-53
	tools:ignore
		ADDED from Android/OneVPN/AndroidManifest.xml:201:13-44
	android:name
		ADDED from Android/OneVPN/AndroidManifest.xml:199:13-55
intent-filter#android.intent.action.MAIN+android.intent.category.DEFAULT
ADDED from Android/OneVPN/AndroidManifest.xml:202:13-206:29
activity-alias#com.dave.onevpnfresh.app.CreateShortcuts
ADDED from Android/OneVPN/AndroidManifest.xml:209:9-218:26
	android:label
		ADDED from Android/OneVPN/AndroidManifest.xml:211:13-49
	android:targetActivity
		ADDED from Android/OneVPN/AndroidManifest.xml:212:13-65
	android:name
		ADDED from Android/OneVPN/AndroidManifest.xml:210:13-48
intent-filter#android.intent.action.CREATE_SHORTCUT+android.intent.category.DEFAULT
ADDED from Android/OneVPN/AndroidManifest.xml:213:13-217:29
action#android.intent.action.CREATE_SHORTCUT
ADDED from Android/OneVPN/AndroidManifest.xml:214:17-80
	android:name
		ADDED from Android/OneVPN/AndroidManifest.xml:214:25-77
provider#com.newonevpn.vpn.FileProvider
ADDED from Android/OneVPN/AndroidManifest.xml:220:9-225:54
	android:authorities
		ADDED from Android/OneVPN/AndroidManifest.xml:222:13-65
	android:grantUriPermissions
		ADDED from Android/OneVPN/AndroidManifest.xml:224:13-47
	android:exported
		ADDED from Android/OneVPN/AndroidManifest.xml:223:13-36
	tools:ignore
		ADDED from Android/OneVPN/AndroidManifest.xml:225:13-51
	android:name
		ADDED from Android/OneVPN/AndroidManifest.xml:221:13-58